2026-03-25 11:07:33,074 - KnowledgeBase - INFO - 开始对 testfile 进行分段校验...
2026-03-25 11:07:33,082 - KnowledgeBase - WARNING - [跳过] testfile 内容已存在，未更新
2026-03-26 10:51:04,369 - KnowledgeBase - INFO - 开始对 special_policies.txt 进行父子文档索引构建...
2026-03-26 10:51:07,750 - KnowledgeBase - ERROR - 索引构建失败: memoryview: a bytes-like object is required, not 'Document'
2026-03-26 10:55:08,079 - KnowledgeBase - INFO - 开始对 special_policies.txt 进行父子文档索引构建...
2026-03-26 10:55:08,080 - KnowledgeBase - ERROR - 索引构建失败: 'KnowledgeBaseSerivce' object has no attribute 'child_splitter'
2026-03-26 10:57:29,033 - KnowledgeBase - INFO - 开始对 special_policies.txt 进行父子文档索引构建...
2026-03-26 10:57:31,112 - KnowledgeBase - INFO - [成功] special_policies.txt 已完成父子文档索引构建
2026-03-26 11:38:13,032 - chromadb.telemetry.product.posthog - INFO - Anonymized telemetry enabled. See                     https://docs.trychroma.com/telemetry for more information.
2026-03-26 11:38:13,103 - VectorStore - INFO - 开始构建增强检索器...
2026-03-26 11:38:13,144 - VectorStore - INFO - 成功获取知识库文档，共计: 11 条
2026-03-26 11:38:13,145 - VectorStore - INFO - 正在加载 Flashrank Rerank 模型 (TinyBERT)...
2026-03-26 11:38:13,188 - VectorStore - INFO - 增强检索器 (Hybrid + Rerank) 初始化完成
2026-03-26 11:38:13,189 - VectorStore - INFO - RagService 使用传入的增强检索器
2026-03-26 11:38:17,832 - VectorStore - INFO - 大模型输入：已合并 3 条参考片段
2026-03-26 11:42:39,085 - VectorStore - INFO - 大模型输入：已合并 3 条参考片段
2026-03-26 11:44:13,385 - VectorStore - INFO - 开始构建增强检索器...
2026-03-26 11:44:13,387 - VectorStore - INFO - 成功获取知识库文档，共计: 11 条
2026-03-26 11:44:13,387 - VectorStore - INFO - 正在加载 Flashrank Rerank 模型 (TinyBERT)...
2026-03-26 11:44:13,439 - VectorStore - INFO - 增强检索器 (Hybrid + Rerank) 初始化完成
2026-03-26 11:44:13,441 - VectorStore - INFO - RagService 使用传入的增强检索器
2026-03-26 11:44:21,315 - VectorStore - INFO - 大模型输入：已合并 3 条参考片段
2026-03-26 11:45:22,133 - VectorStore - INFO - 大模型输入：已合并 3 条参考片段
2026-03-26 11:46:25,954 - VectorStore - INFO - 大模型输入：已合并 3 条参考片段
2026-03-26 21:40:23,153 - chromadb.telemetry.product.posthog - INFO - Anonymized telemetry enabled. See                     https://docs.trychroma.com/telemetry for more information.
2026-03-26 21:40:24,029 - VectorStore - INFO - 开始构建增强检索器...
2026-03-26 21:40:24,141 - VectorStore - INFO - 成功获取知识库文档，共计: 11 条
2026-03-26 21:40:24,148 - VectorStore - INFO - 正在加载 Flashrank Rerank 模型 (TinyBERT)...
2026-03-26 21:40:25,009 - VectorStore - INFO - 增强检索器 (Hybrid + Rerank) 初始化完成
2026-03-27 10:55:32,216 - chromadb.telemetry.product.posthog - INFO - Anonymized telemetry enabled. See                     https://docs.trychroma.com/telemetry for more information.
2026-03-27 10:55:33,060 - VectorStore - INFO - 开始构建增强检索器...
2026-03-27 10:55:33,153 - VectorStore - INFO - 成功获取知识库文档，共计: 11 条
2026-03-27 10:55:33,154 - VectorStore - INFO - 正在加载 Flashrank Rerank 模型 (TinyBERT)...
2026-03-27 10:55:33,260 - VectorStore - INFO - 增强检索器 (Hybrid + Rerank) 初始化完成
2026-03-27 10:55:33,260 - VectorStore - INFO - RagService 初始化默认检索器
2026-03-27 10:55:35,230 - VectorStore - INFO - 大模型输入：已合并 3 条参考片段
2026-03-27 10:55:40,676 - VectorStore - INFO - 大模型输入：已合并 3 条参考片段
